<?xml version="1.0" encoding="UTF-8"?>
<!-- Generated by org.testng.reporters.JUnitReportReporter -->
<testsuite hostname="NSWSYDNLP130" name="com.webapp.bankapp.test.HomePageTest" tests="8" failures="0" timestamp="21 May 2019 04:07:58 GMT" time="22.223" errors="0">
  <testcase name="newcustomerdata" time="2.350" classname="com.webapp.bankapp.test.HomePageTest"/>
  <testcase name="newcustomerdata" time="2.445" classname="com.webapp.bankapp.test.HomePageTest"/>
  <testcase name="newcustomerdata" time="2.724" classname="com.webapp.bankapp.test.HomePageTest"/>
  <testcase name="newcustomerdata" time="2.418" classname="com.webapp.bankapp.test.HomePageTest"/>
  <testcase name="newcustomerdata" time="2.473" classname="com.webapp.bankapp.test.HomePageTest"/>
  <testcase name="newcustomerdata" time="2.757" classname="com.webapp.bankapp.test.HomePageTest"/>
  <testcase name="newcustomerdata" time="2.310" classname="com.webapp.bankapp.test.HomePageTest"/>
  <testcase name="clickonAddCustomer" time="4.746" classname="com.webapp.bankapp.test.HomePageTest"/>
</testsuite> <!-- com.webapp.bankapp.test.HomePageTest -->
