<?xml version="1.0" encoding="UTF-8"?>
<!-- Generated by org.testng.reporters.JUnitReportReporter -->
<testsuite hostname="NSWSYDNLP130" name="com.webapp.bankapp.test.HomePageTest" tests="8" failures="0" timestamp="20 May 2019 05:43:27 GMT" time="37.862" errors="0">
  <testcase name="newcustomerdata" time="3.741" classname="com.webapp.bankapp.test.HomePageTest"/>
  <testcase name="newcustomerdata" time="3.765" classname="com.webapp.bankapp.test.HomePageTest"/>
  <testcase name="newcustomerdata" time="3.966" classname="com.webapp.bankapp.test.HomePageTest"/>
  <testcase name="newcustomerdata" time="5.525" classname="com.webapp.bankapp.test.HomePageTest"/>
  <testcase name="newcustomerdata" time="6.628" classname="com.webapp.bankapp.test.HomePageTest"/>
  <testcase name="newcustomerdata" time="3.681" classname="com.webapp.bankapp.test.HomePageTest"/>
  <testcase name="newcustomerdata" time="3.685" classname="com.webapp.bankapp.test.HomePageTest"/>
  <testcase name="clickonAddCustomer" time="6.871" classname="com.webapp.bankapp.test.HomePageTest"/>
</testsuite> <!-- com.webapp.bankapp.test.HomePageTest -->
